<?xml version="1.0" encoding="UTF-8"?>
<!-- Generated by org.testng.reporters.JUnitReportReporter -->
<testsuite hostname="DESKTOP-46UQ08A" name="cn.gyyx.action.ui.UserControllerTest" tests="1" failures="0" timestamp="10 Feb 2017 07:09:15 GMT" time="0.114" errors="0">
  <testcase name="WhenTriggerThenReturn200HelloWorld" time="0.114" classname="cn.gyyx.action.ui.UserControllerTest"/>
</testsuite> <!-- cn.gyyx.action.ui.UserControllerTest -->
