<?xml version="1.0" encoding="UTF-8"?>
<!-- Generated by org.testng.reporters.JUnitReportReporter -->
<testsuite hostname="DESKTOP-46UQ08A" name="cn.gyyx.action.service.UserServiceImplTest" tests="1" failures="0" timestamp="9 Feb 2017 09:11:47 GMT" time="0.019" errors="0">
  <testcase name="whenGetHelloWorldThenReturnHelloworld" time="0.019" classname="cn.gyyx.action.service.UserServiceImplTest"/>
</testsuite> <!-- cn.gyyx.action.service.UserServiceImplTest -->
